2024/06/06 08:57:08 [notice] 1#1: using the "epoll" event method
2024/06/06 08:57:08 [notice] 1#1: nginx/1.21.6
2024/06/06 08:57:08 [notice] 1#1: built by gcc 10.2.1 20210110 (Debian 10.2.1-6) 
2024/06/06 08:57:08 [notice] 1#1: OS: Linux 6.5.0-35-generic
2024/06/06 08:57:08 [notice] 1#1: getrlimit(RLIMIT_NOFILE): 1048576:1048576
2024/06/06 08:57:08 [notice] 1#1: start worker processes
2024/06/06 08:57:08 [notice] 1#1: start worker process 31
2024/06/06 08:57:08 [notice] 1#1: start worker process 32
2024/06/06 08:57:08 [notice] 1#1: start worker process 33
2024/06/06 08:57:08 [notice] 1#1: start worker process 34
2024/06/06 08:57:08 [notice] 1#1: start worker process 35
2024/06/06 08:57:08 [notice] 1#1: start worker process 36
2024/06/06 08:57:08 [notice] 1#1: start worker process 37
2024/06/06 08:57:08 [notice] 1#1: start worker process 38
2024/06/06 08:57:08 [notice] 1#1: start worker process 39
2024/06/06 08:57:08 [notice] 1#1: start worker process 40
2024/06/06 08:57:08 [notice] 1#1: start worker process 41
2024/06/06 08:57:08 [notice] 1#1: start worker process 42
2024/06/06 08:57:08 [notice] 1#1: start worker process 43
2024/06/06 08:57:08 [notice] 1#1: start worker process 44
2024/06/06 08:57:08 [notice] 1#1: start worker process 45
2024/06/06 08:57:08 [notice] 1#1: start worker process 46
2024/06/06 08:57:48 [notice] 1#1: using the "epoll" event method
2024/06/06 08:57:48 [notice] 1#1: nginx/1.21.6
2024/06/06 08:57:48 [notice] 1#1: built by gcc 10.2.1 20210110 (Debian 10.2.1-6) 
2024/06/06 08:57:48 [notice] 1#1: OS: Linux 6.5.0-35-generic
2024/06/06 08:57:48 [notice] 1#1: getrlimit(RLIMIT_NOFILE): 1048576:1048576
2024/06/06 08:57:48 [notice] 1#1: start worker processes
2024/06/06 08:57:48 [notice] 1#1: start worker process 31
2024/06/06 08:57:48 [notice] 1#1: start worker process 32
2024/06/06 08:57:48 [notice] 1#1: start worker process 33
2024/06/06 08:57:48 [notice] 1#1: start worker process 34
2024/06/06 08:57:48 [notice] 1#1: start worker process 35
2024/06/06 08:57:48 [notice] 1#1: start worker process 36
2024/06/06 08:57:48 [notice] 1#1: start worker process 37
2024/06/06 08:57:48 [notice] 1#1: start worker process 38
2024/06/06 08:57:48 [notice] 1#1: start worker process 39
2024/06/06 08:57:48 [notice] 1#1: start worker process 40
2024/06/06 08:57:48 [notice] 1#1: start worker process 41
2024/06/06 08:57:48 [notice] 1#1: start worker process 42
2024/06/06 08:57:48 [notice] 1#1: start worker process 43
2024/06/06 08:57:48 [notice] 1#1: start worker process 44
2024/06/06 08:57:48 [notice] 1#1: start worker process 45
2024/06/06 08:57:48 [notice] 1#1: start worker process 46
2024/06/06 09:16:23 [notice] 1#1: using the "epoll" event method
2024/06/06 09:16:23 [notice] 1#1: nginx/1.21.3
2024/06/06 09:16:23 [notice] 1#1: built by gcc 8.3.0 (Debian 8.3.0-6) 
2024/06/06 09:16:23 [notice] 1#1: OS: Linux 6.5.0-35-generic
2024/06/06 09:16:23 [notice] 1#1: getrlimit(RLIMIT_NOFILE): 1048576:1048576
2024/06/06 09:16:23 [notice] 1#1: start worker processes
2024/06/06 09:16:23 [notice] 1#1: start worker process 31
2024/06/06 09:16:23 [notice] 1#1: start worker process 32
2024/06/06 09:16:23 [notice] 1#1: start worker process 33
2024/06/06 09:16:23 [notice] 1#1: start worker process 34
2024/06/06 09:16:23 [notice] 1#1: start worker process 35
2024/06/06 09:16:23 [notice] 1#1: start worker process 36
2024/06/06 09:16:23 [notice] 1#1: start worker process 37
2024/06/06 09:16:23 [notice] 1#1: start worker process 38
2024/06/06 09:16:23 [notice] 1#1: start worker process 39
2024/06/06 09:16:23 [notice] 1#1: start worker process 40
2024/06/06 09:16:23 [notice] 1#1: start worker process 41
2024/06/06 09:16:23 [notice] 1#1: start worker process 42
2024/06/06 09:16:23 [notice] 1#1: start worker process 43
2024/06/06 09:16:23 [notice] 1#1: start worker process 44
2024/06/06 09:16:23 [notice] 1#1: start worker process 45
2024/06/06 09:16:23 [notice] 1#1: start worker process 46
2024/06/06 09:18:09 [notice] 1#1: using the "epoll" event method
2024/06/06 09:18:09 [notice] 1#1: nginx/1.21.3
2024/06/06 09:18:09 [notice] 1#1: built by gcc 8.3.0 (Debian 8.3.0-6) 
2024/06/06 09:18:09 [notice] 1#1: OS: Linux 6.5.0-35-generic
2024/06/06 09:18:09 [notice] 1#1: getrlimit(RLIMIT_NOFILE): 1048576:1048576
2024/06/06 09:18:09 [notice] 1#1: start worker processes
2024/06/06 09:18:09 [notice] 1#1: start worker process 31
2024/06/06 09:18:09 [notice] 1#1: start worker process 32
2024/06/06 09:18:09 [notice] 1#1: start worker process 33
2024/06/06 09:18:09 [notice] 1#1: start worker process 34
2024/06/06 09:18:09 [notice] 1#1: start worker process 35
2024/06/06 09:18:09 [notice] 1#1: start worker process 36
2024/06/06 09:18:09 [notice] 1#1: start worker process 37
2024/06/06 09:18:09 [notice] 1#1: start worker process 38
2024/06/06 09:18:09 [notice] 1#1: start worker process 39
2024/06/06 09:18:09 [notice] 1#1: start worker process 40
2024/06/06 09:18:09 [notice] 1#1: start worker process 41
2024/06/06 09:18:09 [notice] 1#1: start worker process 42
2024/06/06 09:18:09 [notice] 1#1: start worker process 43
2024/06/06 09:18:09 [notice] 1#1: start worker process 44
2024/06/06 09:18:09 [notice] 1#1: start worker process 45
2024/06/06 09:18:09 [notice] 1#1: start worker process 46
2024/06/06 09:21:41 [notice] 1#1: using the "epoll" event method
2024/06/06 09:21:41 [notice] 1#1: nginx/1.21.3
2024/06/06 09:21:41 [notice] 1#1: built by gcc 8.3.0 (Debian 8.3.0-6) 
2024/06/06 09:21:41 [notice] 1#1: OS: Linux 6.5.0-35-generic
2024/06/06 09:21:41 [notice] 1#1: getrlimit(RLIMIT_NOFILE): 1048576:1048576
2024/06/06 09:21:41 [notice] 1#1: start worker processes
2024/06/06 09:21:41 [notice] 1#1: start worker process 31
2024/06/06 09:21:41 [notice] 1#1: start worker process 32
2024/06/06 09:21:41 [notice] 1#1: start worker process 33
2024/06/06 09:21:41 [notice] 1#1: start worker process 34
2024/06/06 09:21:41 [notice] 1#1: start worker process 35
2024/06/06 09:21:41 [notice] 1#1: start worker process 36
2024/06/06 09:21:41 [notice] 1#1: start worker process 37
2024/06/06 09:21:41 [notice] 1#1: start worker process 38
2024/06/06 09:21:41 [notice] 1#1: start worker process 39
2024/06/06 09:21:41 [notice] 1#1: start worker process 40
2024/06/06 09:21:41 [notice] 1#1: start worker process 41
2024/06/06 09:21:41 [notice] 1#1: start worker process 42
2024/06/06 09:21:41 [notice] 1#1: start worker process 43
2024/06/06 09:21:41 [notice] 1#1: start worker process 44
2024/06/06 09:21:41 [notice] 1#1: start worker process 45
2024/06/06 09:21:41 [notice] 1#1: start worker process 46
2024/06/06 09:22:57 [notice] 1#1: using the "epoll" event method
2024/06/06 09:22:57 [notice] 1#1: nginx/1.21.3
2024/06/06 09:22:57 [notice] 1#1: built by gcc 8.3.0 (Debian 8.3.0-6) 
2024/06/06 09:22:57 [notice] 1#1: OS: Linux 6.5.0-35-generic
2024/06/06 09:22:57 [notice] 1#1: getrlimit(RLIMIT_NOFILE): 1048576:1048576
2024/06/06 09:22:57 [notice] 1#1: start worker processes
2024/06/06 09:22:57 [notice] 1#1: start worker process 31
2024/06/06 09:22:57 [notice] 1#1: start worker process 32
2024/06/06 09:22:57 [notice] 1#1: start worker process 33
2024/06/06 09:22:57 [notice] 1#1: start worker process 34
2024/06/06 09:22:57 [notice] 1#1: start worker process 35
2024/06/06 09:22:57 [notice] 1#1: start worker process 36
2024/06/06 09:22:57 [notice] 1#1: start worker process 37
2024/06/06 09:22:57 [notice] 1#1: start worker process 38
2024/06/06 09:22:57 [notice] 1#1: start worker process 39
2024/06/06 09:22:57 [notice] 1#1: start worker process 40
2024/06/06 09:22:57 [notice] 1#1: start worker process 41
2024/06/06 09:22:57 [notice] 1#1: start worker process 42
2024/06/06 09:22:57 [notice] 1#1: start worker process 43
2024/06/06 09:22:57 [notice] 1#1: start worker process 44
2024/06/06 09:22:57 [notice] 1#1: start worker process 45
2024/06/06 09:22:57 [notice] 1#1: start worker process 46
2024/06/06 09:25:10 [notice] 1#1: using the "epoll" event method
2024/06/06 09:25:10 [notice] 1#1: nginx/1.21.3
2024/06/06 09:25:10 [notice] 1#1: built by gcc 8.3.0 (Debian 8.3.0-6) 
2024/06/06 09:25:10 [notice] 1#1: OS: Linux 6.5.0-35-generic
2024/06/06 09:25:10 [notice] 1#1: getrlimit(RLIMIT_NOFILE): 1048576:1048576
2024/06/06 09:25:10 [notice] 1#1: start worker processes
2024/06/06 09:25:10 [notice] 1#1: start worker process 31
2024/06/06 09:25:10 [notice] 1#1: start worker process 32
2024/06/06 09:25:10 [notice] 1#1: start worker process 33
2024/06/06 09:25:10 [notice] 1#1: start worker process 34
2024/06/06 09:25:10 [notice] 1#1: start worker process 35
2024/06/06 09:25:10 [notice] 1#1: start worker process 36
2024/06/06 09:25:10 [notice] 1#1: start worker process 37
2024/06/06 09:25:10 [notice] 1#1: start worker process 38
2024/06/06 09:25:10 [notice] 1#1: start worker process 39
2024/06/06 09:25:10 [notice] 1#1: start worker process 40
2024/06/06 09:25:10 [notice] 1#1: start worker process 41
2024/06/06 09:25:10 [notice] 1#1: start worker process 42
2024/06/06 09:25:10 [notice] 1#1: start worker process 43
2024/06/06 09:25:10 [notice] 1#1: start worker process 44
2024/06/06 09:25:10 [notice] 1#1: start worker process 45
2024/06/06 09:25:10 [notice] 1#1: start worker process 46
2024/06/06 09:30:44 [notice] 1#1: using the "epoll" event method
2024/06/06 09:30:44 [notice] 1#1: nginx/1.21.3
2024/06/06 09:30:44 [notice] 1#1: built by gcc 8.3.0 (Debian 8.3.0-6) 
2024/06/06 09:30:44 [notice] 1#1: OS: Linux 6.5.0-35-generic
2024/06/06 09:30:44 [notice] 1#1: getrlimit(RLIMIT_NOFILE): 1048576:1048576
2024/06/06 09:30:44 [notice] 1#1: start worker processes
2024/06/06 09:30:44 [notice] 1#1: start worker process 30
2024/06/06 09:30:44 [notice] 1#1: start worker process 31
2024/06/06 09:30:44 [notice] 1#1: start worker process 32
2024/06/06 09:30:44 [notice] 1#1: start worker process 33
2024/06/06 09:30:44 [notice] 1#1: start worker process 34
2024/06/06 09:30:44 [notice] 1#1: start worker process 35
2024/06/06 09:30:44 [notice] 1#1: start worker process 36
2024/06/06 09:30:44 [notice] 1#1: start worker process 37
2024/06/06 09:30:44 [notice] 1#1: start worker process 38
2024/06/06 09:30:44 [notice] 1#1: start worker process 39
2024/06/06 09:30:44 [notice] 1#1: start worker process 40
2024/06/06 09:30:44 [notice] 1#1: start worker process 41
2024/06/06 09:30:44 [notice] 1#1: start worker process 42
2024/06/06 09:30:44 [notice] 1#1: start worker process 43
2024/06/06 09:30:44 [notice] 1#1: start worker process 44
2024/06/06 09:30:44 [notice] 1#1: start worker process 45
2024/06/06 09:32:05 [notice] 1#1: using the "epoll" event method
2024/06/06 09:32:05 [notice] 1#1: nginx/1.21.3
2024/06/06 09:32:05 [notice] 1#1: built by gcc 8.3.0 (Debian 8.3.0-6) 
2024/06/06 09:32:05 [notice] 1#1: OS: Linux 6.5.0-35-generic
2024/06/06 09:32:05 [notice] 1#1: getrlimit(RLIMIT_NOFILE): 1048576:1048576
2024/06/06 09:32:05 [notice] 1#1: start worker processes
2024/06/06 09:32:05 [notice] 1#1: start worker process 31
2024/06/06 09:32:05 [notice] 1#1: start worker process 32
2024/06/06 09:32:05 [notice] 1#1: start worker process 33
2024/06/06 09:32:05 [notice] 1#1: start worker process 34
2024/06/06 09:32:05 [notice] 1#1: start worker process 35
2024/06/06 09:32:05 [notice] 1#1: start worker process 36
2024/06/06 09:32:05 [notice] 1#1: start worker process 37
2024/06/06 09:32:05 [notice] 1#1: start worker process 38
2024/06/06 09:32:05 [notice] 1#1: start worker process 39
2024/06/06 09:32:05 [notice] 1#1: start worker process 40
2024/06/06 09:32:05 [notice] 1#1: start worker process 41
2024/06/06 09:32:05 [notice] 1#1: start worker process 42
2024/06/06 09:32:05 [notice] 1#1: start worker process 43
2024/06/06 09:32:05 [notice] 1#1: start worker process 44
2024/06/06 09:32:05 [notice] 1#1: start worker process 45
2024/06/06 09:32:05 [notice] 1#1: start worker process 46
2024/06/06 09:35:19 [notice] 1#1: using the "epoll" event method
2024/06/06 09:35:19 [notice] 1#1: nginx/1.21.3
2024/06/06 09:35:19 [notice] 1#1: built by gcc 8.3.0 (Debian 8.3.0-6) 
2024/06/06 09:35:19 [notice] 1#1: OS: Linux 6.5.0-35-generic
2024/06/06 09:35:19 [notice] 1#1: getrlimit(RLIMIT_NOFILE): 1048576:1048576
2024/06/06 09:35:19 [notice] 1#1: start worker processes
2024/06/06 09:35:19 [notice] 1#1: start worker process 24
2024/06/06 09:35:19 [notice] 1#1: start worker process 25
2024/06/06 09:35:19 [notice] 1#1: start worker process 26
2024/06/06 09:35:19 [notice] 1#1: start worker process 27
2024/06/06 09:35:19 [notice] 1#1: start worker process 28
2024/06/06 09:35:19 [notice] 1#1: start worker process 29
2024/06/06 09:35:19 [notice] 1#1: start worker process 30
2024/06/06 09:35:19 [notice] 1#1: start worker process 31
2024/06/06 09:35:19 [notice] 1#1: start worker process 32
2024/06/06 09:35:19 [notice] 1#1: start worker process 33
2024/06/06 09:35:19 [notice] 1#1: start worker process 34
2024/06/06 09:35:19 [notice] 1#1: start worker process 35
2024/06/06 09:35:19 [notice] 1#1: start worker process 36
2024/06/06 09:35:19 [notice] 1#1: start worker process 37
2024/06/06 09:35:19 [notice] 1#1: start worker process 38
2024/06/06 09:35:19 [notice] 1#1: start worker process 39
2024/06/06 09:37:02 [notice] 1#1: using the "epoll" event method
2024/06/06 09:37:02 [notice] 1#1: nginx/1.21.3
2024/06/06 09:37:02 [notice] 1#1: built by gcc 8.3.0 (Debian 8.3.0-6) 
2024/06/06 09:37:02 [notice] 1#1: OS: Linux 6.5.0-35-generic
2024/06/06 09:37:02 [notice] 1#1: getrlimit(RLIMIT_NOFILE): 1048576:1048576
2024/06/06 09:37:02 [notice] 1#1: start worker processes
2024/06/06 09:37:02 [notice] 1#1: start worker process 31
2024/06/06 09:37:02 [notice] 1#1: start worker process 32
2024/06/06 09:37:02 [notice] 1#1: start worker process 33
2024/06/06 09:37:02 [notice] 1#1: start worker process 34
2024/06/06 09:37:02 [notice] 1#1: start worker process 35
2024/06/06 09:37:02 [notice] 1#1: start worker process 36
2024/06/06 09:37:02 [notice] 1#1: start worker process 37
2024/06/06 09:37:02 [notice] 1#1: start worker process 38
2024/06/06 09:37:02 [notice] 1#1: start worker process 39
2024/06/06 09:37:02 [notice] 1#1: start worker process 40
2024/06/06 09:37:02 [notice] 1#1: start worker process 41
2024/06/06 09:37:02 [notice] 1#1: start worker process 42
2024/06/06 09:37:02 [notice] 1#1: start worker process 43
2024/06/06 09:37:02 [notice] 1#1: start worker process 44
2024/06/06 09:37:02 [notice] 1#1: start worker process 45
2024/06/06 09:37:02 [notice] 1#1: start worker process 46
2024/06/06 09:38:44 [notice] 1#1: using the "epoll" event method
2024/06/06 09:38:44 [notice] 1#1: nginx/1.21.3
2024/06/06 09:38:44 [notice] 1#1: built by gcc 8.3.0 (Debian 8.3.0-6) 
2024/06/06 09:38:44 [notice] 1#1: OS: Linux 6.5.0-35-generic
2024/06/06 09:38:44 [notice] 1#1: getrlimit(RLIMIT_NOFILE): 1048576:1048576
2024/06/06 09:38:44 [notice] 1#1: start worker processes
2024/06/06 09:38:44 [notice] 1#1: start worker process 31
2024/06/06 09:38:44 [notice] 1#1: start worker process 32
2024/06/06 09:38:44 [notice] 1#1: start worker process 33
2024/06/06 09:38:44 [notice] 1#1: start worker process 34
2024/06/06 09:38:44 [notice] 1#1: start worker process 35
2024/06/06 09:38:44 [notice] 1#1: start worker process 36
2024/06/06 09:38:44 [notice] 1#1: start worker process 37
2024/06/06 09:38:44 [notice] 1#1: start worker process 38
2024/06/06 09:38:44 [notice] 1#1: start worker process 39
2024/06/06 09:38:44 [notice] 1#1: start worker process 40
2024/06/06 09:38:44 [notice] 1#1: start worker process 41
2024/06/06 09:38:44 [notice] 1#1: start worker process 42
2024/06/06 09:38:44 [notice] 1#1: start worker process 43
2024/06/06 09:38:44 [notice] 1#1: start worker process 44
2024/06/06 09:38:44 [notice] 1#1: start worker process 45
2024/06/06 09:38:44 [notice] 1#1: start worker process 46
2024/06/06 09:40:54 [notice] 1#1: using the "epoll" event method
2024/06/06 09:40:54 [notice] 1#1: nginx/1.21.3
2024/06/06 09:40:54 [notice] 1#1: built by gcc 8.3.0 (Debian 8.3.0-6) 
2024/06/06 09:40:54 [notice] 1#1: OS: Linux 6.5.0-35-generic
2024/06/06 09:40:54 [notice] 1#1: getrlimit(RLIMIT_NOFILE): 1048576:1048576
2024/06/06 09:40:54 [notice] 1#1: start worker processes
2024/06/06 09:40:54 [notice] 1#1: start worker process 24
2024/06/06 09:40:54 [notice] 1#1: start worker process 25
2024/06/06 09:40:54 [notice] 1#1: start worker process 26
2024/06/06 09:40:54 [notice] 1#1: start worker process 27
2024/06/06 09:40:54 [notice] 1#1: start worker process 28
2024/06/06 09:40:54 [notice] 1#1: start worker process 29
2024/06/06 09:40:54 [notice] 1#1: start worker process 30
2024/06/06 09:40:54 [notice] 1#1: start worker process 31
2024/06/06 09:40:54 [notice] 1#1: start worker process 32
2024/06/06 09:40:54 [notice] 1#1: start worker process 33
2024/06/06 09:40:54 [notice] 1#1: start worker process 34
2024/06/06 09:40:54 [notice] 1#1: start worker process 35
2024/06/06 09:40:54 [notice] 1#1: start worker process 36
2024/06/06 09:40:54 [notice] 1#1: start worker process 37
2024/06/06 09:40:54 [notice] 1#1: start worker process 38
2024/06/06 09:40:54 [notice] 1#1: start worker process 39
2024/06/06 09:42:40 [notice] 1#1: using the "epoll" event method
2024/06/06 09:42:40 [notice] 1#1: nginx/1.21.3
2024/06/06 09:42:40 [notice] 1#1: built by gcc 8.3.0 (Debian 8.3.0-6) 
2024/06/06 09:42:40 [notice] 1#1: OS: Linux 6.5.0-35-generic
2024/06/06 09:42:40 [notice] 1#1: getrlimit(RLIMIT_NOFILE): 1048576:1048576
2024/06/06 09:42:40 [notice] 1#1: start worker processes
2024/06/06 09:42:40 [notice] 1#1: start worker process 31
2024/06/06 09:42:40 [notice] 1#1: start worker process 32
2024/06/06 09:42:40 [notice] 1#1: start worker process 33
2024/06/06 09:42:40 [notice] 1#1: start worker process 34
2024/06/06 09:42:40 [notice] 1#1: start worker process 35
2024/06/06 09:42:40 [notice] 1#1: start worker process 36
2024/06/06 09:42:40 [notice] 1#1: start worker process 37
2024/06/06 09:42:40 [notice] 1#1: start worker process 38
2024/06/06 09:42:40 [notice] 1#1: start worker process 39
2024/06/06 09:42:40 [notice] 1#1: start worker process 40
2024/06/06 09:42:40 [notice] 1#1: start worker process 41
2024/06/06 09:42:40 [notice] 1#1: start worker process 42
2024/06/06 09:42:40 [notice] 1#1: start worker process 43
2024/06/06 09:42:40 [notice] 1#1: start worker process 44
2024/06/06 09:42:40 [notice] 1#1: start worker process 45
2024/06/06 09:42:40 [notice] 1#1: start worker process 46
2024/06/06 09:52:23 [notice] 1#1: using the "epoll" event method
2024/06/06 09:52:23 [notice] 1#1: nginx/1.21.3
2024/06/06 09:52:23 [notice] 1#1: built by gcc 8.3.0 (Debian 8.3.0-6) 
2024/06/06 09:52:23 [notice] 1#1: OS: Linux 6.5.0-35-generic
2024/06/06 09:52:23 [notice] 1#1: getrlimit(RLIMIT_NOFILE): 1048576:1048576
2024/06/06 09:52:23 [notice] 1#1: start worker processes
2024/06/06 09:52:23 [notice] 1#1: start worker process 31
2024/06/06 09:52:23 [notice] 1#1: start worker process 32
2024/06/06 09:52:23 [notice] 1#1: start worker process 33
2024/06/06 09:52:23 [notice] 1#1: start worker process 34
2024/06/06 09:52:23 [notice] 1#1: start worker process 35
2024/06/06 09:52:23 [notice] 1#1: start worker process 36
2024/06/06 09:52:23 [notice] 1#1: start worker process 37
2024/06/06 09:52:23 [notice] 1#1: start worker process 38
2024/06/06 09:52:23 [notice] 1#1: start worker process 39
2024/06/06 09:52:23 [notice] 1#1: start worker process 40
2024/06/06 09:52:23 [notice] 1#1: start worker process 41
2024/06/06 09:52:23 [notice] 1#1: start worker process 42
2024/06/06 09:52:23 [notice] 1#1: start worker process 43
2024/06/06 09:52:23 [notice] 1#1: start worker process 44
2024/06/06 09:52:23 [notice] 1#1: start worker process 45
2024/06/06 09:52:23 [notice] 1#1: start worker process 46
2024/06/06 09:57:55 [notice] 1#1: using the "epoll" event method
2024/06/06 09:57:55 [notice] 1#1: nginx/1.21.3
2024/06/06 09:57:55 [notice] 1#1: built by gcc 8.3.0 (Debian 8.3.0-6) 
2024/06/06 09:57:55 [notice] 1#1: OS: Linux 6.5.0-35-generic
2024/06/06 09:57:55 [notice] 1#1: getrlimit(RLIMIT_NOFILE): 1048576:1048576
2024/06/06 09:57:55 [notice] 1#1: start worker processes
2024/06/06 09:57:55 [notice] 1#1: start worker process 31
2024/06/06 09:57:55 [notice] 1#1: start worker process 32
2024/06/06 09:57:55 [notice] 1#1: start worker process 33
2024/06/06 09:57:55 [notice] 1#1: start worker process 34
2024/06/06 09:57:55 [notice] 1#1: start worker process 35
2024/06/06 09:57:55 [notice] 1#1: start worker process 36
2024/06/06 09:57:55 [notice] 1#1: start worker process 37
2024/06/06 09:57:55 [notice] 1#1: start worker process 38
2024/06/06 09:57:55 [notice] 1#1: start worker process 39
2024/06/06 09:57:55 [notice] 1#1: start worker process 40
2024/06/06 09:57:55 [notice] 1#1: start worker process 41
2024/06/06 09:57:55 [notice] 1#1: start worker process 42
2024/06/06 09:57:55 [notice] 1#1: start worker process 43
2024/06/06 09:57:55 [notice] 1#1: start worker process 44
2024/06/06 09:57:55 [notice] 1#1: start worker process 45
2024/06/06 09:57:55 [notice] 1#1: start worker process 46
2024/06/06 10:00:49 [notice] 1#1: using the "epoll" event method
2024/06/06 10:00:49 [notice] 1#1: nginx/1.21.3
2024/06/06 10:00:49 [notice] 1#1: built by gcc 8.3.0 (Debian 8.3.0-6) 
2024/06/06 10:00:49 [notice] 1#1: OS: Linux 6.5.0-35-generic
2024/06/06 10:00:49 [notice] 1#1: getrlimit(RLIMIT_NOFILE): 1048576:1048576
2024/06/06 10:00:49 [notice] 1#1: start worker processes
2024/06/06 10:00:49 [notice] 1#1: start worker process 31
2024/06/06 10:00:49 [notice] 1#1: start worker process 32
2024/06/06 10:00:49 [notice] 1#1: start worker process 33
2024/06/06 10:00:49 [notice] 1#1: start worker process 34
2024/06/06 10:00:49 [notice] 1#1: start worker process 35
2024/06/06 10:00:49 [notice] 1#1: start worker process 36
2024/06/06 10:00:49 [notice] 1#1: start worker process 37
2024/06/06 10:00:49 [notice] 1#1: start worker process 38
2024/06/06 10:00:49 [notice] 1#1: start worker process 39
2024/06/06 10:00:49 [notice] 1#1: start worker process 40
2024/06/06 10:00:49 [notice] 1#1: start worker process 41
2024/06/06 10:00:49 [notice] 1#1: start worker process 42
2024/06/06 10:00:49 [notice] 1#1: start worker process 43
2024/06/06 10:00:49 [notice] 1#1: start worker process 44
2024/06/06 10:00:49 [notice] 1#1: start worker process 45
2024/06/06 10:00:49 [notice] 1#1: start worker process 46
2024/06/06 10:02:46 [notice] 1#1: using the "epoll" event method
2024/06/06 10:02:46 [notice] 1#1: nginx/1.21.3
2024/06/06 10:02:46 [notice] 1#1: built by gcc 8.3.0 (Debian 8.3.0-6) 
2024/06/06 10:02:46 [notice] 1#1: OS: Linux 6.5.0-35-generic
2024/06/06 10:02:46 [notice] 1#1: getrlimit(RLIMIT_NOFILE): 1048576:1048576
2024/06/06 10:02:46 [notice] 1#1: start worker processes
2024/06/06 10:02:46 [notice] 1#1: start worker process 31
2024/06/06 10:02:46 [notice] 1#1: start worker process 32
2024/06/06 10:02:46 [notice] 1#1: start worker process 33
2024/06/06 10:02:46 [notice] 1#1: start worker process 34
2024/06/06 10:02:46 [notice] 1#1: start worker process 35
2024/06/06 10:02:46 [notice] 1#1: start worker process 36
2024/06/06 10:02:46 [notice] 1#1: start worker process 37
2024/06/06 10:02:46 [notice] 1#1: start worker process 38
2024/06/06 10:02:46 [notice] 1#1: start worker process 39
2024/06/06 10:02:46 [notice] 1#1: start worker process 40
2024/06/06 10:02:46 [notice] 1#1: start worker process 41
2024/06/06 10:02:46 [notice] 1#1: start worker process 42
2024/06/06 10:02:46 [notice] 1#1: start worker process 43
2024/06/06 10:02:46 [notice] 1#1: start worker process 44
2024/06/06 10:02:46 [notice] 1#1: start worker process 45
2024/06/06 10:02:46 [notice] 1#1: start worker process 46
2024/06/06 10:03:53 [notice] 1#1: using the "epoll" event method
2024/06/06 10:03:53 [notice] 1#1: nginx/1.21.3
2024/06/06 10:03:53 [notice] 1#1: built by gcc 8.3.0 (Debian 8.3.0-6) 
2024/06/06 10:03:53 [notice] 1#1: OS: Linux 6.5.0-35-generic
2024/06/06 10:03:53 [notice] 1#1: getrlimit(RLIMIT_NOFILE): 1048576:1048576
2024/06/06 10:03:53 [notice] 1#1: start worker processes
2024/06/06 10:03:53 [notice] 1#1: start worker process 24
2024/06/06 10:03:53 [notice] 1#1: start worker process 25
2024/06/06 10:03:53 [notice] 1#1: start worker process 26
2024/06/06 10:03:53 [notice] 1#1: start worker process 27
2024/06/06 10:03:53 [notice] 1#1: start worker process 28
2024/06/06 10:03:53 [notice] 1#1: start worker process 29
2024/06/06 10:03:53 [notice] 1#1: start worker process 30
2024/06/06 10:03:53 [notice] 1#1: start worker process 31
2024/06/06 10:03:53 [notice] 1#1: start worker process 32
2024/06/06 10:03:53 [notice] 1#1: start worker process 33
2024/06/06 10:03:53 [notice] 1#1: start worker process 34
2024/06/06 10:03:53 [notice] 1#1: start worker process 35
2024/06/06 10:03:53 [notice] 1#1: start worker process 36
2024/06/06 10:03:53 [notice] 1#1: start worker process 37
2024/06/06 10:03:53 [notice] 1#1: start worker process 38
2024/06/06 10:03:53 [notice] 1#1: start worker process 39
2024/06/06 10:05:04 [notice] 1#1: using the "epoll" event method
2024/06/06 10:05:04 [notice] 1#1: nginx/1.21.3
2024/06/06 10:05:04 [notice] 1#1: built by gcc 8.3.0 (Debian 8.3.0-6) 
2024/06/06 10:05:04 [notice] 1#1: OS: Linux 6.5.0-35-generic
2024/06/06 10:05:04 [notice] 1#1: getrlimit(RLIMIT_NOFILE): 1048576:1048576
2024/06/06 10:05:04 [notice] 1#1: start worker processes
2024/06/06 10:05:04 [notice] 1#1: start worker process 24
2024/06/06 10:05:04 [notice] 1#1: start worker process 25
2024/06/06 10:05:04 [notice] 1#1: start worker process 26
2024/06/06 10:05:04 [notice] 1#1: start worker process 27
2024/06/06 10:05:04 [notice] 1#1: start worker process 28
2024/06/06 10:05:04 [notice] 1#1: start worker process 29
2024/06/06 10:05:04 [notice] 1#1: start worker process 30
2024/06/06 10:05:04 [notice] 1#1: start worker process 31
2024/06/06 10:05:04 [notice] 1#1: start worker process 32
2024/06/06 10:05:04 [notice] 1#1: start worker process 33
2024/06/06 10:05:04 [notice] 1#1: start worker process 34
2024/06/06 10:05:04 [notice] 1#1: start worker process 35
2024/06/06 10:05:04 [notice] 1#1: start worker process 36
2024/06/06 10:05:04 [notice] 1#1: start worker process 37
2024/06/06 10:05:04 [notice] 1#1: start worker process 38
2024/06/06 10:05:04 [notice] 1#1: start worker process 39
2024/06/06 10:07:28 [notice] 1#1: using the "epoll" event method
2024/06/06 10:07:28 [notice] 1#1: nginx/1.21.3
2024/06/06 10:07:28 [notice] 1#1: built by gcc 8.3.0 (Debian 8.3.0-6) 
2024/06/06 10:07:28 [notice] 1#1: OS: Linux 6.5.0-35-generic
2024/06/06 10:07:28 [notice] 1#1: getrlimit(RLIMIT_NOFILE): 1048576:1048576
2024/06/06 10:07:28 [notice] 1#1: start worker processes
2024/06/06 10:07:28 [notice] 1#1: start worker process 31
2024/06/06 10:07:28 [notice] 1#1: start worker process 32
2024/06/06 10:07:28 [notice] 1#1: start worker process 33
2024/06/06 10:07:28 [notice] 1#1: start worker process 34
2024/06/06 10:07:28 [notice] 1#1: start worker process 35
2024/06/06 10:07:28 [notice] 1#1: start worker process 36
2024/06/06 10:07:28 [notice] 1#1: start worker process 37
2024/06/06 10:07:28 [notice] 1#1: start worker process 38
2024/06/06 10:07:28 [notice] 1#1: start worker process 39
2024/06/06 10:07:28 [notice] 1#1: start worker process 40
2024/06/06 10:07:28 [notice] 1#1: start worker process 41
2024/06/06 10:07:28 [notice] 1#1: start worker process 42
2024/06/06 10:07:28 [notice] 1#1: start worker process 43
2024/06/06 10:07:28 [notice] 1#1: start worker process 44
2024/06/06 10:07:28 [notice] 1#1: start worker process 45
2024/06/06 10:07:28 [notice] 1#1: start worker process 46
